20:40:02:120 [ALWAYS]	GUDE Logging Started
20:40:02:120 [INFO]	SqliteResumeCache::SqliteResumeCache basedirectory is null/empty
20:40:02:120 [ERROR]	SqliteResumeCache::CreateSqliteResumeCache creating resume cache pointer failure
20:40:02:120 [ERROR]	Initialize resume cache pointer failure
20:40:02:121 [INFO]	gude policy POLICY_USER limit (2,2,1) chunk 2097152, chunking (UL 0 DL 1), resXfer 1, adapt 0, NSURL 0, timeout 86400 
20:40:02:121 [INFO]	Initialized -- gude-lib version: v0.12.1 app: gude
20:40:06:621 [WARN]	Ignoring attempt to reinit logging to \gude at level 4 retaining 3 days of logs
20:40:06:622 [INFO]	SqliteResumeCache::SqliteResumeCache basedirectory is null/empty
20:40:06:622 [ERROR]	SqliteResumeCache::CreateSqliteResumeCache creating resume cache pointer failure
20:40:06:622 [ERROR]	Initialize resume cache pointer failure
20:40:06:622 [INFO]	gude policy POLICY_USER limit (4,4,1) chunk 2097152, chunking (UL 0 DL 1), resXfer 1, adapt 0, NSURL 1, timeout 86400 
20:40:06:622 [INFO]	Initialized -- gude-lib version: v0.12.1 app: gude
22:45:33:838 [ALWAYS]	GUDE Logging Started
22:45:33:839 [INFO]	SqliteResumeCache::SqliteResumeCache basedirectory is null/empty
22:45:33:839 [ERROR]	SqliteResumeCache::CreateSqliteResumeCache creating resume cache pointer failure
22:45:33:839 [ERROR]	Initialize resume cache pointer failure
22:45:33:839 [INFO]	gude policy POLICY_USER limit (2,2,1) chunk 2097152, chunking (UL 0 DL 1), resXfer 1, adapt 0, NSURL 0, timeout 86400 
22:45:33:839 [INFO]	Initialized -- gude-lib version: v0.12.1 app: gude
22:45:36:221 [WARN]	Ignoring attempt to reinit logging to \gude at level 4 retaining 3 days of logs
22:45:36:221 [INFO]	SqliteResumeCache::SqliteResumeCache basedirectory is null/empty
22:45:36:221 [ERROR]	SqliteResumeCache::CreateSqliteResumeCache creating resume cache pointer failure
22:45:36:221 [ERROR]	Initialize resume cache pointer failure
22:45:36:221 [INFO]	gude policy POLICY_USER limit (4,4,1) chunk 2097152, chunking (UL 0 DL 1), resXfer 1, adapt 0, NSURL 1, timeout 86400 
22:45:36:221 [INFO]	Initialized -- gude-lib version: v0.12.1 app: gude
